Performing C SOURCE FILE Test CMAKE_HAVE_LIBC_PTHREAD failed with the following output:
Change Dir: /home/drive/CLionProjects/opengltest/build/CMakeFiles/CMakeTmp

Run Build Command(s):/usr/bin/gmake cmTC_76dcf/fast && /usr/bin/gmake -f CMakeFiles/cmTC_76dcf.dir/build.make CMakeFiles/cmTC_76dcf.dir/build
gmake[1]: se entra en el directorio '/home/drive/CLionProjects/opengltest/build/CMakeFiles/CMakeTmp'
Building C object CMakeFiles/cmTC_76dcf.dir/src.c.o
/usr/bin/cc   -DCMAKE_HAVE_LIBC_PTHREAD   -o CMakeFiles/cmTC_76dcf.dir/src.c.o   -c /home/drive/CLionProjects/opengltest/build/CMakeFiles/CMakeTmp/src.c
Linking C executable cmTC_76dcf
/usr/bin/cmake -E cmake_link_script CMakeFiles/cmTC_76dcf.dir/link.txt --verbose=1
/usr/bin/cc  -DCMAKE_HAVE_LIBC_PTHREAD    CMakeFiles/cmTC_76dcf.dir/src.c.o  -o cmTC_76dcf 
/usr/bin/ld: CMakeFiles/cmTC_76dcf.dir/src.c.o: en la función `main':
src.c:(.text+0x46): referencia a `pthread_create' sin definir
/usr/bin/ld: src.c:(.text+0x52): referencia a `pthread_detach' sin definir
/usr/bin/ld: src.c:(.text+0x63): referencia a `pthread_join' sin definir
collect2: error: ld returned 1 exit status
gmake[1]: *** [CMakeFiles/cmTC_76dcf.dir/build.make:87: cmTC_76dcf] Error 1
gmake[1]: se sale del directorio '/home/drive/CLionProjects/opengltest/build/CMakeFiles/CMakeTmp'
gmake: *** [Makefile:121: cmTC_76dcf/fast] Error 2


Source file was:
#include <pthread.h>

void* test_func(void* data)
{
  return data;
}

int main(void)
{
  pthread_t thread;
  pthread_create(&thread, NULL, test_func, NULL);
  pthread_detach(thread);
  pthread_join(thread, NULL);
  pthread_atfork(NULL, NULL, NULL);
  pthread_exit(NULL);

  return 0;
}

Determining if the function pthread_create exists in the pthreads failed with the following output:
Change Dir: /home/drive/CLionProjects/opengltest/build/CMakeFiles/CMakeTmp

Run Build Command(s):/usr/bin/gmake cmTC_25ad9/fast && /usr/bin/gmake -f CMakeFiles/cmTC_25ad9.dir/build.make CMakeFiles/cmTC_25ad9.dir/build
gmake[1]: se entra en el directorio '/home/drive/CLionProjects/opengltest/build/CMakeFiles/CMakeTmp'
Building C object CMakeFiles/cmTC_25ad9.dir/CheckFunctionExists.c.o
/usr/bin/cc   -DCHECK_FUNCTION_EXISTS=pthread_create   -o CMakeFiles/cmTC_25ad9.dir/CheckFunctionExists.c.o   -c /usr/share/cmake-3.16/Modules/CheckFunctionExists.c
Linking C executable cmTC_25ad9
/usr/bin/cmake -E cmake_link_script CMakeFiles/cmTC_25ad9.dir/link.txt --verbose=1
/usr/bin/cc  -DCHECK_FUNCTION_EXISTS=pthread_create    CMakeFiles/cmTC_25ad9.dir/CheckFunctionExists.c.o  -o cmTC_25ad9  -lpthreads 
/usr/bin/ld: no se puede encontrar -lpthreads
collect2: error: ld returned 1 exit status
gmake[1]: *** [CMakeFiles/cmTC_25ad9.dir/build.make:87: cmTC_25ad9] Error 1
gmake[1]: se sale del directorio '/home/drive/CLionProjects/opengltest/build/CMakeFiles/CMakeTmp'
gmake: *** [Makefile:121: cmTC_25ad9/fast] Error 2



